<?xml version="1.0" encoding="UTF-8"?>
<!-- Generated by org.testng.reporters.JUnitXMLReporter -->
<testsuite ignored="0" hostname="DESKTOP-PDQBIIN" failures="0" tests="10" name="Default test" time="20.784" errors="0" timestamp="2024-12-17T00:12:52 SEČ">
  <testcase classname="com.saucedemo.testcases.LoginWithExcelTest" name="verifyLogin" time="0.291"/>
  <testcase classname="com.saucedemo.testcases.LoginWithExcelTest" name="verifyLogin" time="0.347"/>
  <testcase classname="com.saucedemo.testcases.LoginWithExcelTest" name="verifyLogin" time="0.272"/>
  <testcase classname="com.saucedemo.testcases.LoginWithExcelTest" name="verifyLogin" time="5.303"/>
  <testcase classname="com.saucedemo.testcases.LoginWithExcelTest" name="verifyLogin" time="0.295"/>
  <testcase classname="com.saucedemo.testcases.LoginWithExcelTest" name="verifyLogin" time="0.284"/>
  <testcase classname="com.saucedemo.testcases.LoginWithExcelTest" name="verifyLogin" time="0.304"/>
  <testcase classname="com.saucedemo.testcases.LoginWithExcelTest" name="verifyLogin" time="0.269"/>
  <testcase classname="com.saucedemo.testcases.LoginWithExcelTest" name="verifyLogin" time="0.304"/>
  <testcase classname="com.saucedemo.testcases.LoginWithExcelTest" name="verifyLogin" time="0.295"/>
</testsuite> <!-- Default test -->
