<?xml version="1.0" encoding="UTF-8"?>
<!-- Generated by org.testng.reporters.JUnitXMLReporter -->
<testsuite ignored="3" hostname="DESKTOP-PDQBIIN" failures="0" tests="1" name="Default test" time="6.998" errors="0" timestamp="2024-12-12T23:04:19 SEČ">
  <testcase classname="com.saucedemo.testcases.LoginTest" name="loginPerformanceUser" time="5.303"/>
  <testcase classname="com.saucedemo.testcases.LoginTest" name="loginProblemUser" time="0.0">
    <ignored/>
  </testcase> <!-- loginProblemUser -->
  <testcase classname="com.saucedemo.testcases.LoginTest" name="loginLockedUser" time="0.0">
    <ignored/>
  </testcase> <!-- loginLockedUser -->
  <testcase classname="com.saucedemo.testcases.LoginTest" name="loginValidUser" time="0.0">
    <ignored/>
  </testcase> <!-- loginValidUser -->
</testsuite> <!-- Default test -->
