<?xml version="1.0" encoding="UTF-8"?>
<!-- Generated by org.testng.reporters.JUnitXMLReporter -->
<testsuite ignored="0" hostname="DESKTOP-PDQBIIN" failures="0" tests="26" name="Saucedemo.com Test" time="72.034" errors="0" timestamp="2024-12-18T22:32:51 SEČ">
  <testcase classname="com.saucedemo.testcases.LoginWithExcelTest" name="verifyLogin" time="0.244"/>
  <testcase classname="com.saucedemo.testcases.LoginWithExcelTest" name="verifyLogin" time="0.302"/>
  <testcase classname="com.saucedemo.testcases.LoginWithExcelTest" name="verifyLogin" time="0.254"/>
  <testcase classname="com.saucedemo.testcases.LoginWithExcelTest" name="verifyLogin" time="5.279"/>
  <testcase classname="com.saucedemo.testcases.LoginWithExcelTest" name="verifyLogin" time="0.316"/>
  <testcase classname="com.saucedemo.testcases.LoginWithExcelTest" name="verifyLogin" time="0.209"/>
  <testcase classname="com.saucedemo.testcases.LoginWithExcelTest" name="verifyLogin" time="0.275"/>
  <testcase classname="com.saucedemo.testcases.LoginWithExcelTest" name="verifyLogin" time="0.233"/>
  <testcase classname="com.saucedemo.testcases.LoginWithExcelTest" name="verifyLogin" time="0.284"/>
  <testcase classname="com.saucedemo.testcases.LoginWithExcelTest" name="verifyLogin" time="0.263"/>
  <testcase classname="com.saucedemo.testcases.LoginTest" name="loginValidUser" time="0.243"/>
  <testcase classname="com.saucedemo.testcases.LoginTest" name="loginLockedUser" time="0.286"/>
  <testcase classname="com.saucedemo.testcases.LoginTest" name="loginProblemUser" time="0.338"/>
  <testcase classname="com.saucedemo.testcases.LoginTest" name="loginPerformanceUser" time="5.28"/>
  <testcase classname="com.saucedemo.testcases.LoginTest" name="loginErrorUser" time="0.356"/>
  <testcase classname="com.saucedemo.testcases.LoginTest" name="loginVisualUser" time="0.244"/>
  <testcase classname="com.saucedemo.testcases.LoginTest" name="loginWithEmptyCredentials" time="0.282"/>
  <testcase classname="com.saucedemo.testcases.LoginTest" name="loginWithEmptyUsernameField" time="0.241"/>
  <testcase classname="com.saucedemo.testcases.LoginTest" name="loginWithEmptyPasswordField" time="0.238"/>
  <testcase classname="com.saucedemo.testcases.LoginTest" name="loginWithInvalidUsername" time="0.271"/>
  <testcase classname="com.saucedemo.testcases.LoginTest" name="loginWithInvalidPassword" time="0.258"/>
  <testcase classname="com.saucedemo.testcases.CartTest" name="addProductToCart" time="0.172"/>
  <testcase classname="com.saucedemo.testcases.CartTest" name="removeProductFromCart" time="10.267"/>
  <testcase classname="com.saucedemo.testcases.CartTest" name="addAllProductsToCart" time="0.38"/>
  <testcase classname="com.saucedemo.testcases.CartTest" name="removeAllProductsFromCart" time="10.653"/>
  <testcase classname="com.saucedemo.testcases.ShoppingAndOrderPlacementTest" name="verifySuccessfulPurchaseFlow" time="0.697"/>
</testsuite> <!-- Saucedemo.com Test -->
