<?xml version="1.0" encoding="UTF-8"?>
<!-- Generated by org.testng.reporters.JUnitXMLReporter -->
<testsuite ignored="0" hostname="DESKTOP-PDQBIIN" failures="0" tests="10" name="Test" time="22.388" errors="0" timestamp="2024-12-18T22:28:59 SEČ">
  <testcase classname="com.saucedemo.testcases.LoginWithExcelTest" name="verifyLogin" time="0.43"/>
  <testcase classname="com.saucedemo.testcases.LoginWithExcelTest" name="verifyLogin" time="0.285"/>
  <testcase classname="com.saucedemo.testcases.LoginWithExcelTest" name="verifyLogin" time="0.252"/>
  <testcase classname="com.saucedemo.testcases.LoginWithExcelTest" name="verifyLogin" time="5.271"/>
  <testcase classname="com.saucedemo.testcases.LoginWithExcelTest" name="verifyLogin" time="0.239"/>
  <testcase classname="com.saucedemo.testcases.LoginWithExcelTest" name="verifyLogin" time="0.24"/>
  <testcase classname="com.saucedemo.testcases.LoginWithExcelTest" name="verifyLogin" time="0.273"/>
  <testcase classname="com.saucedemo.testcases.LoginWithExcelTest" name="verifyLogin" time="0.24"/>
  <testcase classname="com.saucedemo.testcases.LoginWithExcelTest" name="verifyLogin" time="0.228"/>
  <testcase classname="com.saucedemo.testcases.LoginWithExcelTest" name="verifyLogin" time="0.244"/>
</testsuite> <!-- Test -->
