<?xml version="1.0" encoding="UTF-8"?>
<!-- Generated by org.testng.reporters.JUnitXMLReporter -->
<testsuite ignored="0" hostname="DESKTOP-PDQBIIN" failures="0" tests="6" name="Test" time="14.402" errors="0" timestamp="2024-12-12T23:21:22 SEČ">
  <testcase classname="com.saucedemo.testcases.LoginTest" name="loginValidUser" time="0.271"/>
  <testcase classname="com.saucedemo.testcases.LoginTest" name="loginLockedUser" time="0.289"/>
  <testcase classname="com.saucedemo.testcases.LoginTest" name="loginProblemUser" time="0.267"/>
  <testcase classname="com.saucedemo.testcases.LoginTest" name="loginPerformanceUser" time="5.282"/>
  <testcase classname="com.saucedemo.testcases.LoginTest" name="loginErrorUser" time="0.282"/>
  <testcase classname="com.saucedemo.testcases.LoginTest" name="loginVisualUser" time="0.265"/>
</testsuite> <!-- Test -->
