<?xml version="1.0" encoding="UTF-8"?>
<testng-results ignored="0" total="10" passed="10" failed="0" skipped="0">
  <reporter-output>
  </reporter-output>
  <suite started-at="2024-12-17T00:12:31 SEČ" name="Default suite" finished-at="2024-12-17T00:12:52 SEČ" duration-ms="20784">
    <groups>
    </groups>
    <test started-at="2024-12-17T00:12:31 SEČ" name="Default test" finished-at="2024-12-17T00:12:52 SEČ" duration-ms="20784">
      <class name="com.saucedemo.testcases.LoginWithExcelTest">
        <test-method is-config="true" signature="setUp()[pri:0, instance:com.saucedemo.testcases.LoginWithExcelTest@6a78afa0]" started-at="2024-12-17T00:12:32 SEČ" name="setUp" finished-at="2024-12-17T00:12:33 SEČ" duration-ms="1588" status="PASS">
          <reporter-output>
          </reporter-output>
        </test-method> <!-- setUp -->
        <test-method signature="verifyLogin(java.lang.String,java.lang.String,java.lang.String)[pri:0, instance:com.saucedemo.testcases.LoginWithExcelTest@6a78afa0]" started-at="2024-12-17T00:12:33 SEČ" name="verifyLogin" data-provider="loginData" finished-at="2024-12-17T00:12:34 SEČ" duration-ms="291" status="PASS">
          <params>
            <param index="0">
              <value>
                <![CDATA[standard_user]]>
              </value>
            </param>
            <param index="1">
              <value>
                <![CDATA[secret_sauce]]>
              </value>
            </param>
            <param index="2">
              <value is-null="true"/>
            </param>
          </params>
          <reporter-output>
          </reporter-output>
        </test-method> <!-- verifyLogin -->
        <test-method is-config="true" signature="tearDown()[pri:0, instance:com.saucedemo.testcases.LoginWithExcelTest@6a78afa0]" started-at="2024-12-17T00:12:34 SEČ" name="tearDown" finished-at="2024-12-17T00:12:34 SEČ" duration-ms="124" status="PASS">
          <reporter-output>
          </reporter-output>
        </test-method> <!-- tearDown -->
        <test-method is-config="true" signature="setUp()[pri:0, instance:com.saucedemo.testcases.LoginWithExcelTest@6a78afa0]" started-at="2024-12-17T00:12:34 SEČ" name="setUp" finished-at="2024-12-17T00:12:35 SEČ" duration-ms="1035" status="PASS">
          <reporter-output>
          </reporter-output>
        </test-method> <!-- setUp -->
        <test-method signature="verifyLogin(java.lang.String,java.lang.String,java.lang.String)[pri:0, instance:com.saucedemo.testcases.LoginWithExcelTest@6a78afa0]" started-at="2024-12-17T00:12:35 SEČ" name="verifyLogin" data-provider="loginData" finished-at="2024-12-17T00:12:35 SEČ" duration-ms="347" status="PASS">
          <params>
            <param index="0">
              <value>
                <![CDATA[locked_out_user]]>
              </value>
            </param>
            <param index="1">
              <value>
                <![CDATA[secret_sauce]]>
              </value>
            </param>
            <param index="2">
              <value>
                <![CDATA[Epic sadface: Sorry, this user has been locked out.]]>
              </value>
            </param>
          </params>
          <reporter-output>
          </reporter-output>
        </test-method> <!-- verifyLogin -->
        <test-method is-config="true" signature="tearDown()[pri:0, instance:com.saucedemo.testcases.LoginWithExcelTest@6a78afa0]" started-at="2024-12-17T00:12:35 SEČ" name="tearDown" finished-at="2024-12-17T00:12:35 SEČ" duration-ms="114" status="PASS">
          <reporter-output>
          </reporter-output>
        </test-method> <!-- tearDown -->
        <test-method is-config="true" signature="setUp()[pri:0, instance:com.saucedemo.testcases.LoginWithExcelTest@6a78afa0]" started-at="2024-12-17T00:12:35 SEČ" name="setUp" finished-at="2024-12-17T00:12:36 SEČ" duration-ms="1026" status="PASS">
          <reporter-output>
          </reporter-output>
        </test-method> <!-- setUp -->
        <test-method signature="verifyLogin(java.lang.String,java.lang.String,java.lang.String)[pri:0, instance:com.saucedemo.testcases.LoginWithExcelTest@6a78afa0]" started-at="2024-12-17T00:12:36 SEČ" name="verifyLogin" data-provider="loginData" finished-at="2024-12-17T00:12:37 SEČ" duration-ms="272" status="PASS">
          <params>
            <param index="0">
              <value>
                <![CDATA[problem_user]]>
              </value>
            </param>
            <param index="1">
              <value>
                <![CDATA[secret_sauce]]>
              </value>
            </param>
            <param index="2">
              <value is-null="true"/>
            </param>
          </params>
          <reporter-output>
          </reporter-output>
        </test-method> <!-- verifyLogin -->
        <test-method is-config="true" signature="tearDown()[pri:0, instance:com.saucedemo.testcases.LoginWithExcelTest@6a78afa0]" started-at="2024-12-17T00:12:37 SEČ" name="tearDown" finished-at="2024-12-17T00:12:37 SEČ" duration-ms="99" status="PASS">
          <reporter-output>
          </reporter-output>
        </test-method> <!-- tearDown -->
        <test-method is-config="true" signature="setUp()[pri:0, instance:com.saucedemo.testcases.LoginWithExcelTest@6a78afa0]" started-at="2024-12-17T00:12:37 SEČ" name="setUp" finished-at="2024-12-17T00:12:38 SEČ" duration-ms="1018" status="PASS">
          <reporter-output>
          </reporter-output>
        </test-method> <!-- setUp -->
        <test-method signature="verifyLogin(java.lang.String,java.lang.String,java.lang.String)[pri:0, instance:com.saucedemo.testcases.LoginWithExcelTest@6a78afa0]" started-at="2024-12-17T00:12:38 SEČ" name="verifyLogin" data-provider="loginData" finished-at="2024-12-17T00:12:43 SEČ" duration-ms="5303" status="PASS">
          <params>
            <param index="0">
              <value>
                <![CDATA[performance_glitch_user]]>
              </value>
            </param>
            <param index="1">
              <value>
                <![CDATA[secret_sauce]]>
              </value>
            </param>
            <param index="2">
              <value is-null="true"/>
            </param>
          </params>
          <reporter-output>
          </reporter-output>
        </test-method> <!-- verifyLogin -->
        <test-method is-config="true" signature="tearDown()[pri:0, instance:com.saucedemo.testcases.LoginWithExcelTest@6a78afa0]" started-at="2024-12-17T00:12:43 SEČ" name="tearDown" finished-at="2024-12-17T00:12:43 SEČ" duration-ms="137" status="PASS">
          <reporter-output>
          </reporter-output>
        </test-method> <!-- tearDown -->
        <test-method is-config="true" signature="setUp()[pri:0, instance:com.saucedemo.testcases.LoginWithExcelTest@6a78afa0]" started-at="2024-12-17T00:12:43 SEČ" name="setUp" finished-at="2024-12-17T00:12:44 SEČ" duration-ms="1053" status="PASS">
          <reporter-output>
          </reporter-output>
        </test-method> <!-- setUp -->
        <test-method signature="verifyLogin(java.lang.String,java.lang.String,java.lang.String)[pri:0, instance:com.saucedemo.testcases.LoginWithExcelTest@6a78afa0]" started-at="2024-12-17T00:12:44 SEČ" name="verifyLogin" data-provider="loginData" finished-at="2024-12-17T00:12:45 SEČ" duration-ms="295" status="PASS">
          <params>
            <param index="0">
              <value>
                <![CDATA[error_user]]>
              </value>
            </param>
            <param index="1">
              <value>
                <![CDATA[secret_sauce]]>
              </value>
            </param>
            <param index="2">
              <value is-null="true"/>
            </param>
          </params>
          <reporter-output>
          </reporter-output>
        </test-method> <!-- verifyLogin -->
        <test-method is-config="true" signature="tearDown()[pri:0, instance:com.saucedemo.testcases.LoginWithExcelTest@6a78afa0]" started-at="2024-12-17T00:12:45 SEČ" name="tearDown" finished-at="2024-12-17T00:12:45 SEČ" duration-ms="125" status="PASS">
          <reporter-output>
          </reporter-output>
        </test-method> <!-- tearDown -->
        <test-method is-config="true" signature="setUp()[pri:0, instance:com.saucedemo.testcases.LoginWithExcelTest@6a78afa0]" started-at="2024-12-17T00:12:45 SEČ" name="setUp" finished-at="2024-12-17T00:12:46 SEČ" duration-ms="1099" status="PASS">
          <reporter-output>
          </reporter-output>
        </test-method> <!-- setUp -->
        <test-method signature="verifyLogin(java.lang.String,java.lang.String,java.lang.String)[pri:0, instance:com.saucedemo.testcases.LoginWithExcelTest@6a78afa0]" started-at="2024-12-17T00:12:46 SEČ" name="verifyLogin" data-provider="loginData" finished-at="2024-12-17T00:12:46 SEČ" duration-ms="284" status="PASS">
          <params>
            <param index="0">
              <value>
                <![CDATA[visual_user]]>
              </value>
            </param>
            <param index="1">
              <value>
                <![CDATA[secret_sauce]]>
              </value>
            </param>
            <param index="2">
              <value is-null="true"/>
            </param>
          </params>
          <reporter-output>
          </reporter-output>
        </test-method> <!-- verifyLogin -->
        <test-method is-config="true" signature="tearDown()[pri:0, instance:com.saucedemo.testcases.LoginWithExcelTest@6a78afa0]" started-at="2024-12-17T00:12:46 SEČ" name="tearDown" finished-at="2024-12-17T00:12:46 SEČ" duration-ms="147" status="PASS">
          <reporter-output>
          </reporter-output>
        </test-method> <!-- tearDown -->
        <test-method is-config="true" signature="setUp()[pri:0, instance:com.saucedemo.testcases.LoginWithExcelTest@6a78afa0]" started-at="2024-12-17T00:12:46 SEČ" name="setUp" finished-at="2024-12-17T00:12:47 SEČ" duration-ms="1050" status="PASS">
          <reporter-output>
          </reporter-output>
        </test-method> <!-- setUp -->
        <test-method signature="verifyLogin(java.lang.String,java.lang.String,java.lang.String)[pri:0, instance:com.saucedemo.testcases.LoginWithExcelTest@6a78afa0]" started-at="2024-12-17T00:12:47 SEČ" name="verifyLogin" data-provider="loginData" finished-at="2024-12-17T00:12:48 SEČ" duration-ms="304" status="PASS">
          <params>
            <param index="0">
              <value>
                <![CDATA[standarduser]]>
              </value>
            </param>
            <param index="1">
              <value>
                <![CDATA[secret_sauce]]>
              </value>
            </param>
            <param index="2">
              <value>
                <![CDATA[Epic sadface: Username and password do not match any user in this service]]>
              </value>
            </param>
          </params>
          <reporter-output>
          </reporter-output>
        </test-method> <!-- verifyLogin -->
        <test-method is-config="true" signature="tearDown()[pri:0, instance:com.saucedemo.testcases.LoginWithExcelTest@6a78afa0]" started-at="2024-12-17T00:12:48 SEČ" name="tearDown" finished-at="2024-12-17T00:12:48 SEČ" duration-ms="119" status="PASS">
          <reporter-output>
          </reporter-output>
        </test-method> <!-- tearDown -->
        <test-method is-config="true" signature="setUp()[pri:0, instance:com.saucedemo.testcases.LoginWithExcelTest@6a78afa0]" started-at="2024-12-17T00:12:48 SEČ" name="setUp" finished-at="2024-12-17T00:12:49 SEČ" duration-ms="1060" status="PASS">
          <reporter-output>
          </reporter-output>
        </test-method> <!-- setUp -->
        <test-method signature="verifyLogin(java.lang.String,java.lang.String,java.lang.String)[pri:0, instance:com.saucedemo.testcases.LoginWithExcelTest@6a78afa0]" started-at="2024-12-17T00:12:49 SEČ" name="verifyLogin" data-provider="loginData" finished-at="2024-12-17T00:12:49 SEČ" duration-ms="269" status="PASS">
          <params>
            <param index="0">
              <value>
                <![CDATA[secret]]>
              </value>
            </param>
            <param index="1">
              <value>
                <![CDATA[secret]]>
              </value>
            </param>
            <param index="2">
              <value>
                <![CDATA[Epic sadface: Username and password do not match any user in this service]]>
              </value>
            </param>
          </params>
          <reporter-output>
          </reporter-output>
        </test-method> <!-- verifyLogin -->
        <test-method is-config="true" signature="tearDown()[pri:0, instance:com.saucedemo.testcases.LoginWithExcelTest@6a78afa0]" started-at="2024-12-17T00:12:49 SEČ" name="tearDown" finished-at="2024-12-17T00:12:49 SEČ" duration-ms="118" status="PASS">
          <reporter-output>
          </reporter-output>
        </test-method> <!-- tearDown -->
        <test-method is-config="true" signature="setUp()[pri:0, instance:com.saucedemo.testcases.LoginWithExcelTest@6a78afa0]" started-at="2024-12-17T00:12:49 SEČ" name="setUp" finished-at="2024-12-17T00:12:50 SEČ" duration-ms="1011" status="PASS">
          <reporter-output>
          </reporter-output>
        </test-method> <!-- setUp -->
        <test-method signature="verifyLogin(java.lang.String,java.lang.String,java.lang.String)[pri:0, instance:com.saucedemo.testcases.LoginWithExcelTest@6a78afa0]" started-at="2024-12-17T00:12:50 SEČ" name="verifyLogin" data-provider="loginData" finished-at="2024-12-17T00:12:50 SEČ" duration-ms="304" status="PASS">
          <params>
            <param index="0">
              <value>
                <![CDATA[standard_user]]>
              </value>
            </param>
            <param index="1">
              <value is-null="true"/>
            </param>
            <param index="2">
              <value>
                <![CDATA[Epic sadface: Password is required]]>
              </value>
            </param>
          </params>
          <reporter-output>
          </reporter-output>
        </test-method> <!-- verifyLogin -->
        <test-method is-config="true" signature="tearDown()[pri:0, instance:com.saucedemo.testcases.LoginWithExcelTest@6a78afa0]" started-at="2024-12-17T00:12:50 SEČ" name="tearDown" finished-at="2024-12-17T00:12:51 SEČ" duration-ms="114" status="PASS">
          <reporter-output>
          </reporter-output>
        </test-method> <!-- tearDown -->
        <test-method is-config="true" signature="setUp()[pri:0, instance:com.saucedemo.testcases.LoginWithExcelTest@6a78afa0]" started-at="2024-12-17T00:12:51 SEČ" name="setUp" finished-at="2024-12-17T00:12:52 SEČ" duration-ms="1045" status="PASS">
          <reporter-output>
          </reporter-output>
        </test-method> <!-- setUp -->
        <test-method signature="verifyLogin(java.lang.String,java.lang.String,java.lang.String)[pri:0, instance:com.saucedemo.testcases.LoginWithExcelTest@6a78afa0]" started-at="2024-12-17T00:12:52 SEČ" name="verifyLogin" data-provider="loginData" finished-at="2024-12-17T00:12:52 SEČ" duration-ms="295" status="PASS">
          <params>
            <param index="0">
              <value is-null="true"/>
            </param>
            <param index="1">
              <value>
                <![CDATA[secret_sauce]]>
              </value>
            </param>
            <param index="2">
              <value>
                <![CDATA[Epic sadface: Username is required]]>
              </value>
            </param>
          </params>
          <reporter-output>
          </reporter-output>
        </test-method> <!-- verifyLogin -->
        <test-method is-config="true" signature="tearDown()[pri:0, instance:com.saucedemo.testcases.LoginWithExcelTest@6a78afa0]" started-at="2024-12-17T00:12:52 SEČ" name="tearDown" finished-at="2024-12-17T00:12:52 SEČ" duration-ms="129" status="PASS">
          <reporter-output>
          </reporter-output>
        </test-method> <!-- tearDown -->
      </class> <!-- com.saucedemo.testcases.LoginWithExcelTest -->
    </test> <!-- Default test -->
  </suite> <!-- Default suite -->
</testng-results>
