<?xml version="1.0" encoding="UTF-8"?>
<!-- Generated by org.testng.reporters.JUnitReportReporter -->
<testsuite hostname="DESKTOP-PDQBIIN" failures="0" tests="4" name="com.saucedemo.testcases.CartTest" time="44.781" errors="0" timestamp="2024-12-17T22:40:29 SEČ" skipped="0">
  <testcase classname="com.saucedemo.testcases.CartTest" name="addProductToCart" time="6.132"/>
  <testcase classname="com.saucedemo.testcases.CartTest" name="removeProductFromCart" time="14.755"/>
  <testcase classname="com.saucedemo.testcases.CartTest" name="addAllProductsToCart" time="6.769"/>
  <testcase classname="com.saucedemo.testcases.CartTest" name="removeAllProductsFromCart" time="17.125"/>
</testsuite> <!-- com.saucedemo.testcases.CartTest -->
