<?xml version="1.0" encoding="UTF-8"?>
<!-- Generated by org.testng.reporters.JUnitReportReporter -->
<testsuite hostname="DESKTOP-PDQBIIN" failures="0" tests="2" name="com.saucedemo.testcases.LoginTest" time="3.397" errors="0" timestamp="2024-12-12T22:28:46 SEČ" skipped="0">
  <testcase classname="com.saucedemo.testcases.LoginTest" name="loginLockedUser" time="1.988"/>
  <testcase classname="com.saucedemo.testcases.LoginTest" name="loginValidUser" time="1.409"/>
</testsuite> <!-- com.saucedemo.testcases.LoginTest -->
