<?xml version="1.0" encoding="UTF-8"?>
<!-- Generated by org.testng.reporters.JUnitReportReporter -->
<testsuite hostname="DESKTOP-PDQBIIN" failures="0" tests="4" name="com.saucedemo.testcases.CartTest" time="27.383" errors="0" timestamp="2024-12-18T22:32:51 SEČ" skipped="0">
  <testcase classname="com.saucedemo.testcases.CartTest" name="addProductToCart" time="1.810"/>
  <testcase classname="com.saucedemo.testcases.CartTest" name="removeProductFromCart" time="11.726"/>
  <testcase classname="com.saucedemo.testcases.CartTest" name="addAllProductsToCart" time="1.780"/>
  <testcase classname="com.saucedemo.testcases.CartTest" name="removeAllProductsFromCart" time="12.067"/>
</testsuite> <!-- com.saucedemo.testcases.CartTest -->
