<?xml version="1.0" encoding="UTF-8"?>
<!-- Generated by org.testng.reporters.JUnitReportReporter -->
<testsuite hostname="DESKTOP-PDQBIIN" failures="0" tests="1" name="com.saucedemo.testcases.ShoppingAndOrderPlacementTest" time="2.496" errors="0" timestamp="2024-12-17T23:22:46 SEČ" skipped="0">
  <testcase classname="com.saucedemo.testcases.ShoppingAndOrderPlacementTest" name="verifySuccessfulPurchaseFlow" time="2.496"/>
</testsuite> <!-- com.saucedemo.testcases.ShoppingAndOrderPlacementTest -->
