<?xml version="1.0" encoding="UTF-8"?>
<!-- Generated by org.testng.reporters.JUnitReportReporter -->
<testsuite hostname="DESKTOP-PDQBIIN" failures="0" tests="10" name="com.saucedemo.testcases.LoginWithExcelTest" time="20.650" errors="0" timestamp="2024-12-18T22:32:51 SEČ" skipped="0">
  <testcase classname="com.saucedemo.testcases.LoginWithExcelTest" name="verifyLogin" time="1.406"/>
  <testcase classname="com.saucedemo.testcases.LoginWithExcelTest" name="verifyLogin" time="1.393"/>
  <testcase classname="com.saucedemo.testcases.LoginWithExcelTest" name="verifyLogin" time="1.395"/>
  <testcase classname="com.saucedemo.testcases.LoginWithExcelTest" name="verifyLogin" time="1.402"/>
  <testcase classname="com.saucedemo.testcases.LoginWithExcelTest" name="verifyLogin" time="1.468"/>
  <testcase classname="com.saucedemo.testcases.LoginWithExcelTest" name="verifyLogin" time="1.351"/>
  <testcase classname="com.saucedemo.testcases.LoginWithExcelTest" name="verifyLogin" time="1.425"/>
  <testcase classname="com.saucedemo.testcases.LoginWithExcelTest" name="verifyLogin" time="6.927"/>
  <testcase classname="com.saucedemo.testcases.LoginWithExcelTest" name="verifyLogin" time="1.434"/>
  <testcase classname="com.saucedemo.testcases.LoginWithExcelTest" name="verifyLogin" time="2.449"/>
</testsuite> <!-- com.saucedemo.testcases.LoginWithExcelTest -->
