<?xml version="1.0" encoding="UTF-8"?>
<!-- Generated by org.testng.reporters.JUnitReportReporter -->
<testsuite hostname="DESKTOP-PDQBIIN" failures="0" tests="10" name="com.saucedemo.testcases.LoginWithExcelTest" time="54.724" errors="0" timestamp="2024-12-17T22:40:29 SEČ" skipped="0">
  <testcase classname="com.saucedemo.testcases.LoginWithExcelTest" name="verifyLogin" time="5.745"/>
  <testcase classname="com.saucedemo.testcases.LoginWithExcelTest" name="verifyLogin" time="4.788"/>
  <testcase classname="com.saucedemo.testcases.LoginWithExcelTest" name="verifyLogin" time="4.804"/>
  <testcase classname="com.saucedemo.testcases.LoginWithExcelTest" name="verifyLogin" time="4.865"/>
  <testcase classname="com.saucedemo.testcases.LoginWithExcelTest" name="verifyLogin" time="4.216"/>
  <testcase classname="com.saucedemo.testcases.LoginWithExcelTest" name="verifyLogin" time="4.635"/>
  <testcase classname="com.saucedemo.testcases.LoginWithExcelTest" name="verifyLogin" time="9.630"/>
  <testcase classname="com.saucedemo.testcases.LoginWithExcelTest" name="verifyLogin" time="4.470"/>
  <testcase classname="com.saucedemo.testcases.LoginWithExcelTest" name="verifyLogin" time="7.027"/>
  <testcase classname="com.saucedemo.testcases.LoginWithExcelTest" name="verifyLogin" time="4.544"/>
</testsuite> <!-- com.saucedemo.testcases.LoginWithExcelTest -->
