<?xml version="1.0" encoding="UTF-8"?>
<!-- Generated by org.testng.reporters.JUnitReportReporter -->
<testsuite hostname="DESKTOP-PDQBIIN" failures="0" tests="6" name="com.saucedemo.testcases.LoginTest" time="14.165" errors="0" timestamp="2024-12-12T23:08:59 SEČ" skipped="0">
  <testcase classname="com.saucedemo.testcases.LoginTest" name="loginValidUser" time="1.400"/>
  <testcase classname="com.saucedemo.testcases.LoginTest" name="loginLockedUser" time="1.415"/>
  <testcase classname="com.saucedemo.testcases.LoginTest" name="loginProblemUser" time="2.144"/>
  <testcase classname="com.saucedemo.testcases.LoginTest" name="loginPerformanceUser" time="6.408"/>
  <testcase classname="com.saucedemo.testcases.LoginTest" name="loginErrorUser" time="1.378"/>
  <testcase classname="com.saucedemo.testcases.LoginTest" name="loginVisualUser" time="1.420"/>
</testsuite> <!-- com.saucedemo.testcases.LoginTest -->
