<?xml version="1.0" encoding="UTF-8"?>
<!-- Generated by org.testng.reporters.JUnitReportReporter -->
<testsuite hostname="DESKTOP-PDQBIIN" failures="0" tests="1" name="com.saucedemo.testcases.ShoppingAndOrderPlacementTest" time="1.879" errors="0" timestamp="2024-12-18T22:32:51 SEČ" skipped="0">
  <testcase classname="com.saucedemo.testcases.ShoppingAndOrderPlacementTest" name="verifySuccessfulPurchaseFlow" time="1.879"/>
</testsuite> <!-- com.saucedemo.testcases.ShoppingAndOrderPlacementTest -->
